{
  "RSpec": {
    "coverage": {
      "/Users/danielatkinson/turing/2module/projects/adopt_dont_shop_2001/config/environment.rb": [
        null,
        1,
        null,
        null,
        1
      ],
      "/Users/danielatkinson/turing/2module/projects/adopt_dont_shop_2001/config/application.rb": [
        1,
        null,
        1,
        null,
        1,
        1,
        1,
        1,
        1,
        1,
        1,
        1,
        null,
        null,
        null,
        null,
        1,
        null,
        1,
        1,
        null,
        1,
        null,
        null,
        null,
        null,
        null,
        null,
        1,
        null,
        null
      ],
      "/Users/danielatkinson/turing/2module/projects/adopt_dont_shop_2001/config/boot.rb": [
        1,
        null,
        1
      ],
      "/Users/danielatkinson/turing/2module/projects/adopt_dont_shop_2001/config/environments/test.rb": [
        1,
        null,
        null,
        null,
        null,
        null,
        null,
        1,
        null,
        1,
        null,
        null,
        null,
        null,
        1,
        null,
        null,
        1,
        1,
        null,
        null,
        null,
        null,
        1,
        1,
        null,
        null,
        1,
        null,
        null,
        1,
        1,
        null,
        null,
        null,
        null,
        1,
        null,
        null,
        1,
        null,
        null,
        null,
        null
      ],
      "/Users/danielatkinson/turing/2module/projects/adopt_dont_shop_2001/config/initializers/application_controller_renderer.rb": [
        null,
        null,
        null,
        null,
        null,
        null,
        null,
        null
      ],
      "/Users/danielatkinson/turing/2module/projects/adopt_dont_shop_2001/config/initializers/assets.rb": [
        null,
        null,
        null,
        1,
        null,
        null,
        null,
        null,
        1,
        null,
        null,
        null,
        null,
        null
      ],
      "/Users/danielatkinson/turing/2module/projects/adopt_dont_shop_2001/config/initializers/backtrace_silencers.rb": [
        null,
        null,
        null,
        null,
        null,
        null,
        null
      ],
      "/Users/danielatkinson/turing/2module/projects/adopt_dont_shop_2001/config/initializers/cookies_serializer.rb": [
        null,
        null,
        null,
        null,
        1
      ],
      "/Users/danielatkinson/turing/2module/projects/adopt_dont_shop_2001/config/initializers/filter_parameter_logging.rb": [
        null,
        null,
        null,
        1
      ],
      "/Users/danielatkinson/turing/2module/projects/adopt_dont_shop_2001/config/initializers/inflections.rb": [
        null,
        null,
        null,
        null,
        null,
        null,
        null,
        null,
        null,
        null,
        null,
        null,
        null,
        null,
        null,
        null
      ],
      "/Users/danielatkinson/turing/2module/projects/adopt_dont_shop_2001/config/initializers/mime_types.rb": [
        null,
        null,
        null,
        null
      ],
      "/Users/danielatkinson/turing/2module/projects/adopt_dont_shop_2001/config/initializers/wrap_parameters.rb": [
        null,
        null,
        null,
        null,
        null,
        null,
        1,
        2,
        null,
        null,
        null,
        null,
        null,
        null
      ],
      "/Users/danielatkinson/turing/2module/projects/adopt_dont_shop_2001/config/routes.rb": [
        1,
        1,
        null,
        1,
        1,
        1,
        1,
        1,
        1,
        1,
        null,
        1,
        1,
        1,
        1,
        1,
        null,
        1,
        1,
        1,
        null
      ],
      "/Users/danielatkinson/turing/2module/projects/adopt_dont_shop_2001/app/helpers/application_helper.rb": [
        1,
        null
      ],
      "/Users/danielatkinson/turing/2module/projects/adopt_dont_shop_2001/spec/features/pet/user_can_see_all_pets_and_pet_info_spec.rb": [
        1,
        null,
        1,
        1,
        1,
        null,
        null,
        null,
        null,
        1,
        null,
        null,
        null,
        null,
        1,
        null,
        null,
        null,
        null,
        1,
        null,
        null,
        null,
        null,
        1,
        null,
        1,
        1,
        1,
        1,
        1,
        null,
        1,
        1,
        1,
        1,
        1,
        null,
        null
      ],
      "/Users/danielatkinson/turing/2module/projects/adopt_dont_shop_2001/spec/features/pet/user_can_see_specific_pet_spec.rb": [
        1,
        null,
        1,
        1,
        1,
        null,
        null,
        null,
        null,
        1,
        null,
        null,
        null,
        null,
        1,
        null,
        null,
        null,
        null,
        null,
        null,
        1,
        null,
        null,
        null,
        null,
        null,
        null,
        null,
        1,
        null,
        1,
        1,
        1,
        1,
        1,
        1,
        1,
        1,
        null,
        null
      ],
      "/Users/danielatkinson/turing/2module/projects/adopt_dont_shop_2001/spec/features/pet/user_can_update_pet_spec.rb": [
        1,
        null,
        1,
        1,
        1,
        null,
        null,
        null,
        null,
        1,
        null,
        null,
        null,
        null,
        null,
        null,
        null,
        1,
        1,
        null,
        1,
        null,
        1,
        1,
        1,
        1,
        null,
        1,
        null,
        1,
        1,
        1,
        1,
        1,
        1,
        1,
        null,
        null
      ],
      "/Users/danielatkinson/turing/2module/projects/adopt_dont_shop_2001/spec/features/shelter/user_can_create_shelter_spec.rb": [
        1,
        null,
        1,
        1,
        1,
        null,
        null,
        null,
        null,
        1,
        null,
        null,
        null,
        null,
        null,
        1,
        1,
        null,
        1,
        1,
        1,
        1,
        1,
        1,
        1,
        1,
        1,
        null,
        null
      ],
      "/Users/danielatkinson/turing/2module/projects/adopt_dont_shop_2001/spec/features/shelter/user_can_delete_shelter_spec.rb": [
        1,
        null,
        1,
        1,
        1,
        null,
        null,
        null,
        null,
        1,
        null,
        null,
        null,
        null,
        null,
        1,
        null,
        1,
        1,
        null,
        1,
        null,
        1,
        null,
        1,
        1,
        1,
        null,
        null
      ],
      "/Users/danielatkinson/turing/2module/projects/adopt_dont_shop_2001/spec/features/shelter/user_can_see_all_shelter_names_spec.rb": [
        1,
        null,
        1,
        1,
        1,
        null,
        null,
        null,
        null,
        1,
        null,
        null,
        null,
        null,
        null,
        1,
        null,
        1,
        1,
        null,
        null
      ],
      "/Users/danielatkinson/turing/2module/projects/adopt_dont_shop_2001/spec/features/shelter/user_can_update_shelter_from_index_page_spec.rb": [
        1,
        null,
        1,
        1,
        1,
        null,
        null,
        null,
        null,
        1,
        null,
        null,
        null,
        null,
        null,
        1,
        1,
        1,
        null,
        1,
        1,
        1,
        1,
        1,
        1,
        null,
        1,
        1,
        1,
        1,
        1,
        1,
        null,
        null,
        null,
        null,
        null,
        null,
        null,
        null,
        null,
        null,
        null,
        null,
        null
      ],
      "/Users/danielatkinson/turing/2module/projects/adopt_dont_shop_2001/spec/features/shelter/user_can_update_shelter_spec.rb": [
        1,
        null,
        1,
        1,
        1,
        null,
        null,
        null,
        null,
        null,
        1,
        1,
        null,
        1,
        null,
        1,
        1,
        1,
        1,
        1,
        1,
        null,
        1,
        1,
        1,
        1,
        1,
        1,
        null,
        null,
        null,
        null,
        null,
        null,
        null,
        null,
        null,
        null,
        null,
        null,
        null,
        null,
        null,
        null,
        null,
        null,
        null,
        null,
        null
      ],
      "/Users/danielatkinson/turing/2module/projects/adopt_dont_shop_2001/spec/features/shelter/user_sees_all_shelter_info_spec.rb": [
        1,
        null,
        1,
        1,
        1,
        null,
        null,
        null,
        null,
        1,
        null,
        null,
        null,
        null,
        1,
        null,
        1,
        1,
        1,
        1,
        1,
        1,
        1,
        null,
        1,
        null,
        1,
        1,
        1,
        1,
        1,
        1,
        1,
        null,
        null
      ],
      "/Users/danielatkinson/turing/2module/projects/adopt_dont_shop_2001/spec/features/shelter_pets/user_can_create_new_shelter_pet_spec.rb": [
        1,
        null,
        1,
        1,
        1,
        1,
        null,
        null,
        null,
        null,
        null,
        1,
        null,
        1,
        1,
        null,
        null,
        1,
        1,
        1,
        null,
        1,
        null,
        1,
        1,
        1,
        1,
        1,
        1,
        1,
        null,
        null,
        null,
        null
      ],
      "/Users/danielatkinson/turing/2module/projects/adopt_dont_shop_2001/spec/features/shelter_pets/user_can_see_shelters_pets_spec.rb": [
        1,
        null,
        1,
        1,
        1,
        null,
        null,
        null,
        null,
        1,
        null,
        null,
        null,
        null,
        1,
        null,
        null,
        null,
        null,
        1,
        null,
        null,
        null,
        null,
        null,
        1,
        null,
        1,
        1,
        1,
        1,
        1,
        1,
        null,
        1,
        null,
        1,
        1,
        1,
        1,
        1,
        1,
        null,
        null
      ],
      "/Users/danielatkinson/turing/2module/projects/adopt_dont_shop_2001/spec/models/pets_spec.rb": [
        1,
        null,
        1,
        1,
        2,
        null,
        null
      ],
      "/Users/danielatkinson/turing/2module/projects/adopt_dont_shop_2001/app/models/pet.rb": [
        1,
        1,
        null
      ],
      "/Users/danielatkinson/turing/2module/projects/adopt_dont_shop_2001/app/models/application_record.rb": [
        1,
        1,
        null
      ],
      "/Users/danielatkinson/turing/2module/projects/adopt_dont_shop_2001/spec/models/shelter_spec.rb": [
        1,
        null,
        1,
        1,
        2,
        null,
        null,
        1,
        2,
        null,
        null
      ],
      "/Users/danielatkinson/turing/2module/projects/adopt_dont_shop_2001/app/models/shelter.rb": [
        1,
        1,
        1,
        null
      ],
      "/Users/danielatkinson/turing/2module/projects/adopt_dont_shop_2001/app/controllers/pets_controller.rb": [
        1,
        1,
        3,
        null,
        null,
        1,
        4,
        null,
        null,
        1,
        1,
        null,
        null,
        1,
        1,
        1,
        null,
        null,
        null,
        null,
        null,
        null,
        null,
        null,
        1,
        null,
        null,
        1,
        1,
        1,
        null,
        null
      ],
      "/Users/danielatkinson/turing/2module/projects/adopt_dont_shop_2001/app/controllers/application_controller.rb": [
        1,
        1,
        null
      ],
      "/Users/danielatkinson/turing/2module/projects/adopt_dont_shop_2001/app/controllers/shelters_controller.rb": [
        1,
        1,
        6,
        null,
        null,
        1,
        6,
        null,
        null,
        1,
        null,
        null,
        1,
        1,
        null,
        null,
        null,
        null,
        null,
        null,
        null,
        1,
        1,
        null,
        null,
        1,
        2,
        null,
        null,
        1,
        2,
        2,
        null,
        null,
        null,
        null,
        null,
        null,
        null,
        2,
        2,
        null,
        null,
        1,
        1,
        1,
        null,
        null
      ],
      "/Users/danielatkinson/turing/2module/projects/adopt_dont_shop_2001/app/controllers/shelter_pets_controller.rb": [
        1,
        1,
        3,
        3,
        null,
        null,
        1,
        1,
        null,
        null,
        1,
        1,
        null,
        null,
        null,
        null,
        null,
        null,
        null,
        null,
        null,
        1,
        1,
        null,
        null
      ]
    },
    "timestamp": 1584821211
  }
}
